0 info it worked if it ends with ok
1 verbose cli [ '/Users/jess/.nvm/versions/node/v5.2.0/bin/node',
1 verbose cli   '/Users/jess/.nvm/versions/node/v5.2.0/bin/npm',
1 verbose cli   'run',
1 verbose cli   'debug' ]
2 info using npm@3.3.12
3 info using node@v5.2.0
4 verbose run-script [ 'predebug', 'debug', 'postdebug' ]
5 info lifecycle RRD-NODE-BACKEND@1.0.0~predebug: RRD-NODE-BACKEND@1.0.0
6 silly lifecycle RRD-NODE-BACKEND@1.0.0~predebug: no script for predebug, continuing
7 info lifecycle RRD-NODE-BACKEND@1.0.0~debug: RRD-NODE-BACKEND@1.0.0
8 verbose lifecycle RRD-NODE-BACKEND@1.0.0~debug: unsafe-perm in lifecycle true
9 verbose lifecycle RRD-NODE-BACKEND@1.0.0~debug: PATH: /Users/jess/.nvm/versions/node/v5.2.0/lib/node_modules/npm/bin/node-gyp-bin:/Users/jess/jess/temp/just-for-fun/Wechat/server/node_modules/.bin:/Users/jess/.nvm/versions/node/v5.2.0/bin:/usr/local/bin:/usr/bin:/bin:/usr/sbin:/sbin
10 verbose lifecycle RRD-NODE-BACKEND@1.0.0~debug: CWD: /Users/jess/jess/temp/just-for-fun/Wechat/server
11 silly lifecycle RRD-NODE-BACKEND@1.0.0~debug: Args: [ '-c', 'NODE_ENV=debug && node server.js' ]
12 silly lifecycle RRD-NODE-BACKEND@1.0.0~debug: Returned: code: 1  signal: null
13 info lifecycle RRD-NODE-BACKEND@1.0.0~debug: Failed to exec debug script
14 verbose stack Error: RRD-NODE-BACKEND@1.0.0 debug: `NODE_ENV=debug && node server.js`
14 verbose stack Exit status 1
14 verbose stack     at EventEmitter.<anonymous> (/Users/jess/.nvm/versions/node/v5.2.0/lib/node_modules/npm/lib/utils/lifecycle.js:232:16)
14 verbose stack     at emitTwo (events.js:88:13)
14 verbose stack     at EventEmitter.emit (events.js:173:7)
14 verbose stack     at ChildProcess.<anonymous> (/Users/jess/.nvm/versions/node/v5.2.0/lib/node_modules/npm/lib/utils/spawn.js:24:14)
14 verbose stack     at emitTwo (events.js:88:13)
14 verbose stack     at ChildProcess.emit (events.js:173:7)
14 verbose stack     at maybeClose (internal/child_process.js:819:16)
14 verbose stack     at Process.ChildProcess._handle.onexit (internal/child_process.js:212:5)
15 verbose pkgid RRD-NODE-BACKEND@1.0.0
16 verbose cwd /Users/jess/jess/temp/just-for-fun/Wechat/server
17 error Darwin 15.2.0
18 error argv "/Users/jess/.nvm/versions/node/v5.2.0/bin/node" "/Users/jess/.nvm/versions/node/v5.2.0/bin/npm" "run" "debug"
19 error node v5.2.0
20 error npm  v3.3.12
21 error code ELIFECYCLE
22 error RRD-NODE-BACKEND@1.0.0 debug: `NODE_ENV=debug && node server.js`
22 error Exit status 1
23 error Failed at the RRD-NODE-BACKEND@1.0.0 debug script 'NODE_ENV=debug && node server.js'.
23 error Make sure you have the latest version of node.js and npm installed.
23 error If you do, this is most likely a problem with the RRD-NODE-BACKEND package,
23 error not with npm itself.
23 error Tell the author that this fails on your system:
23 error     NODE_ENV=debug && node server.js
23 error You can get their info via:
23 error     npm owner ls RRD-NODE-BACKEND
23 error There is likely additional logging output above.
24 verbose exit [ 1, true ]
